<?xml version="1.0" encoding="UTF-8"?>
<!-- Generated by org.testng.reporters.JUnitReportReporter -->
<testsuite hostname="DELL-PC" name="com.qa.testdata.DashBoardTest" tests="2" failures="0" timestamp="5 Jul 2019 08:21:20 GMT" time="39.156" errors="0">
  <testcase name="clickiUs" time="22.986" classname="com.qa.testdata.DashBoardTest"/>
  <testcase name="verifyTitleDashTest" time="16.170" classname="com.qa.testdata.DashBoardTest"/>
</testsuite> <!-- com.qa.testdata.DashBoardTest -->
