<?xml version="1.0" encoding="UTF-8"?>
<!-- Generated by org.testng.reporters.JUnitReportReporter -->
<testsuite hostname="DELL-PC" name="com.qa.testdata.UserPageTest" tests="3" failures="0" timestamp="5 Jul 2019 13:27:02 GMT" time="37.207" errors="0">
  <testcase name="chkTitleUser" time="10.951" classname="com.qa.testdata.UserPageTest"/>
  <testcase name="AddValues" time="13.249" classname="com.qa.testdata.UserPageTest"/>
  <testcase name="AddUserBtn" time="13.007" classname="com.qa.testdata.UserPageTest"/>
</testsuite> <!-- com.qa.testdata.UserPageTest -->
