<?xml version="1.0" encoding="UTF-8"?>
<!-- Generated by org.testng.reporters.JUnitReportReporter -->
<testsuite hostname="DELL-PC" name="com.qa.testcases.UserPageTest" tests="4" failures="0" timestamp="5 Jul 2019 16:52:32 GMT" time="55.124" errors="0">
  <testcase name="AddValues" time="12.498" classname="com.qa.testcases.UserPageTest"/>
  <testcase name="AddValues" time="12.467" classname="com.qa.testcases.UserPageTest"/>
  <testcase name="AddUserBtn" time="13.495" classname="com.qa.testcases.UserPageTest"/>
  <testcase name="chkTitleUser" time="16.664" classname="com.qa.testcases.UserPageTest"/>
</testsuite> <!-- com.qa.testcases.UserPageTest -->
