<?xml version="1.0" encoding="UTF-8"?>
<!-- Generated by org.testng.reporters.JUnitReportReporter -->
<testsuite hostname="DELL-PC" name="com.qa.testdata.HomePageTest" tests="2" failures="0" timestamp="5 Jul 2019 08:21:20 GMT" time="76.210" errors="0">
  <testcase name="HomePageTitle" time="18.373" classname="com.qa.testdata.HomePageTest"/>
  <testcase name="LoginChk" time="57.837" classname="com.qa.testdata.HomePageTest"/>
</testsuite> <!-- com.qa.testdata.HomePageTest -->
